This is pdfTeX, Version 3.14159265-2.6-1.40.20 (TeX Live 2019/Debian) (preloaded format=pdflatex 2024.3.16)  8 JUL 2024 22:25
entering extended mode
 restricted \write18 enabled.
 %&-line parsing enabled.
**geophysics_paper.tex
(./geophysics_paper.tex
LaTeX2e <2020-02-02> patch level 2
L3 programming layer <2020-02-14> (./geophysics.cls
Document Class: geophysics 2007/02/14 v3.0 Geophysics paper
(/usr/share/texlive/texmf-dist/tex/latex/base/ifthen.sty
Package: ifthen 2014/09/29 v1.1c Standard LaTeX ifthen package (DPC)
)
(/usr/share/texlive/texmf-dist/tex/latex/base/article.cls
Document Class: article 2019/12/20 v1.4l Standard LaTeX document class
(/usr/share/texlive/texmf-dist/tex/latex/base/size12.clo
File: size12.clo 2019/12/20 v1.4l Standard LaTeX file (size option)
)
\c@part=\count167
\c@section=\count168
\c@subsection=\count169
\c@subsubsection=\count170
\c@paragraph=\count171
\c@subparagraph=\count172
\c@figure=\count173
\c@table=\count174
\abovecaptionskip=\skip47
\belowcaptionskip=\skip48
\bibindent=\dimen134
) (./seg.sty
(/usr/share/texlive/texmf-dist/tex/generic/iftex/ifpdf.sty
Package: ifpdf 2019/10/25 v3.4 ifpdf legacy package. Use iftex instead.

(/usr/share/texlive/texmf-dist/tex/generic/iftex/iftex.sty
Package: iftex 2019/11/07 v1.0c TeX engine tests
))
(/usr/share/texlive/texmf-dist/tex/latex/graphics/graphicx.sty
Package: graphicx 2019/11/30 v1.2a Enhanced LaTeX Graphics (DPC,SPQR)

(/usr/share/texlive/texmf-dist/tex/latex/graphics/keyval.sty
Package: keyval 2014/10/28 v1.15 key=value parser (DPC)
\KV@toks@=\toks14
)
(/usr/share/texlive/texmf-dist/tex/latex/graphics/graphics.sty
Package: graphics 2019/11/30 v1.4a Standard LaTeX Graphics (DPC,SPQR)

(/usr/share/texlive/texmf-dist/tex/latex/graphics/trig.sty
Package: trig 2016/01/03 v1.10 sin cos tan (DPC)
)
(/usr/share/texlive/texmf-dist/tex/latex/graphics-cfg/graphics.cfg
File: graphics.cfg 2016/06/04 v1.11 sample graphics configuration
)
Package graphics Info: Driver file: pdftex.def on input line 105.

(/usr/share/texlive/texmf-dist/tex/latex/graphics-def/pdftex.def
File: pdftex.def 2018/01/08 v1.0l Graphics/color driver for pdftex
))
\Gin@req@height=\dimen135
\Gin@req@width=\dimen136
)
(/usr/share/texlive/texmf-dist/tex/latex/tools/verbatim.sty
Package: verbatim 2019/11/10 v1.5r LaTeX2e package for verbatim enhancements
\every@verbatim=\toks15
\verbatim@line=\toks16
\verbatim@in@stream=\read2
)
(/usr/share/texlive/texmf-dist/tex/latex/moreverb/moreverb.sty
Package: moreverb 2008/06/03 v2.3a `more' verbatim facilities
\tab@position=\count175
\tab@size=\count176
\listing@line=\count177
))
(/usr/share/texlive/texmf-dist/tex/latex/graphics/rotating.sty
Package: rotating 2016/08/11 v2.16d rotated objects in LaTeX
\c@r@tfl@t=\count178
\rotFPtop=\skip49
\rotFPbot=\skip50
\rot@float@box=\box45
\rot@mess@toks=\toks17
)
\c@@plots=\count179

(/usr/share/texlive/texmf-dist/tex/latex/subfig/subfig.sty
Package: subfig 2005/06/28 ver: 1.3 subfig package

(/usr/share/texlive/texmf-dist/tex/latex/caption/caption.sty
Package: caption 2020/01/03 v3.4h Customizing captions (AR)

(/usr/share/texlive/texmf-dist/tex/latex/caption/caption3.sty
Package: caption3 2020/01/03 v1.8h caption3 kernel (AR)
Package caption3 Info: TeX engine: e-TeX on input line 61.
\captionmargin=\dimen137
\captionmargin@=\dimen138
\captionwidth=\dimen139
\caption@tempdima=\dimen140
\caption@indent=\dimen141
\caption@parindent=\dimen142
\caption@hangindent=\dimen143
Package caption Info: Standard document class detected.
)
\c@caption@flags=\count180
\c@continuedfloat=\count181
Package caption Info: rotating package is loaded.
)
\c@KVtest=\count182
\sf@farskip=\skip51
\sf@captopadj=\dimen144
\sf@capskip=\skip52
\sf@nearskip=\skip53
\c@subfigure=\count183
\c@subfigure@save=\count184
\c@lofdepth=\count185
\c@subtable=\count186
\c@subtable@save=\count187
\c@lotdepth=\count188
\sf@top=\skip54
\sf@bottom=\skip55
)
\c@sub@fig=\count189
\c@@tabls=\count190

(/usr/share/texlive/texmf-dist/tex/latex/graphics/color.sty
Package: color 2019/11/23 v1.2a Standard LaTeX Color (DPC)

(/usr/share/texlive/texmf-dist/tex/latex/graphics-cfg/color.cfg
File: color.cfg 2016/01/02 v1.6 sample color configuration
)
Package color Info: Driver file: pdftex.def on input line 147.
)
(/usr/share/texlive/texmf-dist/tex/latex/soul/soul.sty
Package: soul 2003/11/17 v2.4 letterspacing/underlining (mf)
\SOUL@word=\toks18
\SOUL@lasttoken=\toks19
\SOUL@cmds=\toks20
\SOUL@buffer=\toks21
\SOUL@token=\toks22
\SOUL@spaceskip=\skip56
\SOUL@ttwidth=\dimen145
\SOUL@uldp=\dimen146
\SOUL@ulht=\dimen147
)
(/usr/share/texlive/texmf-dist/tex/latex/natbib/natbib.sty
Package: natbib 2010/09/13 8.31b (PWD, AO)
\bibhang=\skip57
\bibsep=\skip58
LaTeX Info: Redefining \cite on input line 694.
\c@NAT@ctr=\count191
)
LaTeX Info: Redefining \refname on input line 332.
\seg@abstract=\box46
\c@@append=\count192
)
(/usr/share/texlive/texmf-dist/tex/latex/l3backend/l3backend-pdfmode.def
File: l3backend-pdfmode.def 2020-02-03 L3 backend support: PDF mode
\l__kernel_color_stack_int=\count193
\l__pdf_internal_box=\box47
)
(./geophysics_paper.aux)
\openout1 = `geophysics_paper.aux'.

LaTeX Font Info:    Checking defaults for OML/cmm/m/it on input line 8.
LaTeX Font Info:    ... okay on input line 8.
LaTeX Font Info:    Checking defaults for OMS/cmsy/m/n on input line 8.
LaTeX Font Info:    ... okay on input line 8.
LaTeX Font Info:    Checking defaults for OT1/cmr/m/n on input line 8.
LaTeX Font Info:    ... okay on input line 8.
LaTeX Font Info:    Checking defaults for T1/cmr/m/n on input line 8.
LaTeX Font Info:    ... okay on input line 8.
LaTeX Font Info:    Checking defaults for TS1/cmr/m/n on input line 8.
LaTeX Font Info:    ... okay on input line 8.
LaTeX Font Info:    Checking defaults for OMX/cmex/m/n on input line 8.
LaTeX Font Info:    ... okay on input line 8.
LaTeX Font Info:    Checking defaults for U/cmr/m/n on input line 8.
LaTeX Font Info:    ... okay on input line 8.

(/usr/share/texlive/texmf-dist/tex/context/base/mkii/supp-pdf.mkii
[Loading MPS to PDF converter (version 2006.09.02).]
\scratchcounter=\count194
\scratchdimen=\dimen148
\scratchbox=\box48
\nofMPsegments=\count195
\nofMParguments=\count196
\everyMPshowfont=\toks23
\MPscratchCnt=\count197
\MPscratchDim=\dimen149
\MPnumerator=\count198
\makeMPintoPDFobject=\count199
\everyMPtoPDFconversion=\toks24
) (/usr/share/texlive/texmf-dist/tex/latex/epstopdf-pkg/epstopdf-base.sty
Package: epstopdf-base 2020-01-24 v2.11 Base part for package epstopdf
Package epstopdf-base Info: Redefining graphics rule for `.eps' on input line 4
85.

(/usr/share/texlive/texmf-dist/tex/latex/latexconfig/epstopdf-sys.cfg
File: epstopdf-sys.cfg 2010/07/13 v1.3 Configuration of (r)epstopdf for TeX Liv
e
))
Package caption Info: Begin \AtBeginDocument code.
Package caption Info: subfig package v1.3 is loaded.
Package caption Info: End \AtBeginDocument code.
LaTeX Font Info:    External font `cmex10' loaded for size
(Font)              <12> on input line 33.
LaTeX Font Info:    External font `cmex10' loaded for size
(Font)              <8> on input line 33.
LaTeX Font Info:    External font `cmex10' loaded for size
(Font)              <6> on input line 33.
<./Fig/waves.pdf, id=1, 768.23009pt x 423.50221pt>
File: ./Fig/waves.pdf Graphic file (type pdf)
<use ./Fig/waves.pdf>
Package pdftex.def Info: ./Fig/waves.pdf  used on input line 88.
(pdftex.def)             Requested size: 433.62pt x 239.04008pt.
LaTeX Font Info:    Trying to load font information for OMS+cmtt on input line 
88.
LaTeX Font Info:    No file OMScmtt.fd. on input line 88.


LaTeX Font Warning: Font shape `OMS/cmtt/m/n' undefined
(Font)              using `OMS/cmsy/m/n' instead
(Font)              for symbol `textbraceleft' on input line 88.


Underfull \hbox (badness 10000) in paragraph at lines 88--88
[]\OT1/cmr/m/n/12 Figure 1: |This fig-ure is spec-i-fied in the doc-u-ment by
 []

[1

{/var/lib/texmf/fonts/map/pdftex/updmap/pdftex.map}]
<./Fig/exph.pdf, id=19, 289.08pt x 248.93pt>
File: ./Fig/exph.pdf Graphic file (type pdf)
<use ./Fig/exph.pdf>
Package pdftex.def Info: ./Fig/exph.pdf  used on input line 99.
(pdftex.def)             Requested size: 173.44534pt x 149.35535pt.
<./Fig/exgr.pdf, id=20, 289.08pt x 248.93pt>
File: ./Fig/exgr.pdf Graphic file (type pdf)
<use ./Fig/exgr.pdf>
Package pdftex.def Info: ./Fig/exgr.pdf  used on input line 99.
(pdftex.def)             Requested size: 173.44534pt x 149.35535pt.
 [2 <./Fig/waves.pdf>]
[3 <./Fig/exph.pdf> <./Fig/exgr.pdf>]
Underfull \hbox (badness 8132) in paragraph at lines 182--182
[]\OT1/cmr/m/n/12 Figure B-1: |This fig-ure is
 []


Underfull \hbox (badness 3449) in paragraph at lines 182--182
\OT1/cmr/m/n/12 spec-i-fied in the doc-u-ment by
 []


Overfull \hbox (29.45482pt too wide) in paragraph at lines 182--182
\OMS/cmtt/m/n/12 n$\OT1/cmtt/m/n/12 sideplot\OMS/cmtt/m/n/12 f\OT1/cmtt/m/n/12 
errgrp\OMS/cmtt/m/n/12 gf\OT1/cmtt/m/n/12 width=0.8$\OMS/cmtt/m/n/12 n$\OT1/cmt
t/m/n/12 text-
 []

<./Fig/errgrp.pdf, id=40, 289.08pt x 192.72pt>
File: ./Fig/errgrp.pdf Graphic file (type pdf)
<use ./Fig/errgrp.pdf>
Package pdftex.def Info: ./Fig/errgrp.pdf  used on input line 182.
(pdftex.def)             Requested size: 208.1405pt x 138.75827pt.

Overfull \hbox (3.91661pt too wide) in paragraph at lines 182--182
[][] 
 []

File: "geophysics_paper.tex"  (verbatim)
[4 <./Fig/errgrp.pdf>]
Overfull \hbox (4.80522pt too wide) in paragraph at lines 186--186
[]\OT1/cmtt/m/n/12 \author{Joe Dellinger\footnotemark[1] and Sergey Fomel\footn
otemark[2]}[] 
 []

[5]
Overfull \hbox (10.98022pt too wide) in paragraph at lines 186--186
[]\OT1/cmtt/m/n/12 \tensor{P}_{M\rightarrow R} \; \tensor{D} \; \tensor{P}_{S\r
ightarrow M}[] 
 []


Overfull \hbox (54.20525pt too wide) in paragraph at lines 186--186
[]    \OT1/cmtt/m/n/12 $\backslash$plot\{waves\}\{width=$\backslash$textwidth\}
\{This caption.\}}.[] 
 []

[6]
Overfull \hbox (159.1803pt too wide) in paragraph at lines 186--186
[]    \OT1/cmtt/m/n/12 $\backslash$multiplot\{2\}\{exph,exgr\}\{width=0.4$\back
slash$textwidth\}\{This caption.\}}.[] 
 []


Overfull \hbox (4.80522pt too wide) in paragraph at lines 186--186
[]      \OT1/cmtt/m/n/12 radial NMO\rule[-2ex]{0in}{5ex} & $\omega_s\rightarrow
\omega_0$ &[] 
 []

[7]
Overfull \hbox (4.80522pt too wide) in paragraph at lines 186--186
[]  \OT1/cmtt/m/n/12 \sqrt{\frac{1}{v^2} - \left[\frac{\partial t}{\partial g}\
right]^2} +[] 
 []


Overfull \hbox (4.80522pt too wide) in paragraph at lines 186--186
[]  \OT1/cmtt/m/n/12 \sqrt{\frac{1}{v^2} - \left[\frac{\partial t}{\partial g}\
right]^2} +[] 
 []


Overfull \hbox (115.95528pt too wide) in paragraph at lines 186--186
[]    \OT1/cmtt/m/n/12 $\backslash$sideplot\{errgrp\}\{width=0.8$\backslash$tex
t\-width\}\{This caption.\}}.[] 
 []

[8]
File: "geophysics_reference.bib"  (verbatim)

Overfull \hbox (66.55525pt too wide) in paragraph at lines 190--190
[]  \OT1/cmtt/m/n/12 title  = {Inversion linearis\'ee multi-param\`etres via la
 th\'eorie des rais},[] 
 []


Overfull \hbox (4.80522pt too wide) in paragraph at lines 190--190
[]  \OT1/cmtt/m/n/12 school = {Institut Fran\c{c}ais du P\'etrole - University 
Paris VII},[] 
 []

[9] (./geophysics_paper.bbl) [10] (./geophysics_paper.aux)

LaTeX Font Warning: Some font shapes were not available, defaults substituted.

 ) 
Here is how much of TeX's memory you used:
 3445 strings out of 481239
 52510 string characters out of 5920377
 295050 words of memory out of 5000000
 18685 multiletter control sequences out of 15000+600000
 538746 words of font info for 45 fonts, out of 8000000 for 9000
 1141 hyphenation exceptions out of 8191
 60i,11n,55p,305b,386s stack positions out of 5000i,500n,10000p,200000b,80000s
{/usr/share/texmf/fonts/enc/dvips/cm-super/cm-super-ts1.enc}</usr/share/texli
ve/texmf-dist/fonts/type1/public/amsfonts/cm/cmbx12.pfb></usr/share/texlive/tex
mf-dist/fonts/type1/public/amsfonts/cm/cmbxti10.pfb></usr/share/texlive/texmf-d
ist/fonts/type1/public/amsfonts/cm/cmex10.pfb></usr/share/texlive/texmf-dist/fo
nts/type1/public/amsfonts/cm/cmmi12.pfb></usr/share/texlive/texmf-dist/fonts/ty
pe1/public/amsfonts/cm/cmmi8.pfb></usr/share/texlive/texmf-dist/fonts/type1/pub
lic/amsfonts/cm/cmr10.pfb></usr/share/texlive/texmf-dist/fonts/type1/public/ams
fonts/cm/cmr12.pfb></usr/share/texlive/texmf-dist/fonts/type1/public/amsfonts/c
m/cmr8.pfb></usr/share/texlive/texmf-dist/fonts/type1/public/amsfonts/cm/cmss12
.pfb></usr/share/texlive/texmf-dist/fonts/type1/public/amsfonts/cm/cmsy10.pfb><
/usr/share/texlive/texmf-dist/fonts/type1/public/amsfonts/cm/cmsy8.pfb></usr/sh
are/texlive/texmf-dist/fonts/type1/public/amsfonts/cm/cmti12.pfb></usr/share/te
xlive/texmf-dist/fonts/type1/public/amsfonts/cm/cmtt12.pfb></usr/share/texmf/fo
nts/type1/public/cm-super/sfrm0800.pfb>
Output written on geophysics_paper.pdf (10 pages, 197625 bytes).
PDF statistics:
 115 PDF objects out of 1000 (max. 8388607)
 82 compressed objects within 1 object stream
 0 named destinations out of 1000 (max. 500000)
 21 words of extra memory for PDF output out of 10000 (max. 10000000)

